<?xml version="1.0" encoding="UTF-8"?>
<testng-results ignored="0" total="1" passed="1" failed="0" skipped="0">
  <reporter-output>
  </reporter-output>
  <suite started-at="2023-05-08T12:41:37 IST" name="Default suite" finished-at="2023-05-08T12:41:55 IST" duration-ms="18218">
    <groups>
    </groups>
    <test started-at="2023-05-08T12:41:37 IST" name="Default test" finished-at="2023-05-08T12:41:55 IST" duration-ms="18218">
      <class name="testCases.IpCheck">
        <test-method signature="checkIp()[pri:0, instance:testCases.IpCheck@26e356f0]" started-at="2023-05-08T12:41:37 IST" name="checkIp" finished-at="2023-05-08T12:41:55 IST" duration-ms="17749" status="PASS">
          <reporter-output>
          </reporter-output>
        </test-method> <!-- checkIp -->
      </class> <!-- testCases.IpCheck -->
    </test> <!-- Default test -->
  </suite> <!-- Default suite -->
</testng-results>
